This is pdfTeX, Version 3.14159265-2.6-1.40.16 (TeX Live 2015/Debian) (preloaded format=pdflatex 2017.6.9)  13 JUN 2017 16:10
entering extended mode
 restricted \write18 enabled.
 %&-line parsing enabled.
**constrained_bayes_ver1
(./constrained_bayes_ver1.tex
LaTeX2e <2016/02/01>
Babel <3.9q> and hyphenation patterns for 81 language(s) loaded.
(/usr/share/texlive/texmf-dist/tex/latex/base/article.cls
Document Class: article 2014/09/29 v1.4h Standard LaTeX document class
(/usr/share/texlive/texmf-dist/tex/latex/base/size10.clo
File: size10.clo 2014/09/29 v1.4h Standard LaTeX file (size option)
)
\c@part=\count79
\c@section=\count80
\c@subsection=\count81
\c@subsubsection=\count82
\c@paragraph=\count83
\c@subparagraph=\count84
\c@figure=\count85
\c@table=\count86
\abovecaptionskip=\skip41
\belowcaptionskip=\skip42
\bibindent=\dimen102
)
(/usr/share/texlive/texmf-dist/tex/latex/graphics/color.sty
Package: color 2016/01/03 v1.1b Standard LaTeX Color (DPC)

(/usr/share/texlive/texmf-dist/tex/latex/latexconfig/color.cfg
File: color.cfg 2007/01/18 v1.5 color configuration of teTeX/TeXLive
)
Package color Info: Driver file: pdftex.def on input line 143.

(/usr/share/texlive/texmf-dist/tex/latex/pdftex-def/pdftex.def
File: pdftex.def 2011/05/27 v0.06d Graphics/color for pdfTeX

(/usr/share/texlive/texmf-dist/tex/generic/oberdiek/infwarerr.sty
Package: infwarerr 2010/04/08 v1.3 Providing info/warning/error messages (HO)
)
(/usr/share/texlive/texmf-dist/tex/generic/oberdiek/ltxcmds.sty
Package: ltxcmds 2011/11/09 v1.22 LaTeX kernel commands for general use (HO)
)
\Gread@gobject=\count87
))
(/usr/share/texlive/texmf-dist/tex/latex/natbib/natbib.sty
Package: natbib 2010/09/13 8.31b (PWD, AO)
\bibhang=\skip43
\bibsep=\skip44
LaTeX Info: Redefining \cite on input line 694.
\c@NAT@ctr=\count88
)
(/usr/share/texlive/texmf-dist/tex/latex/rotating/rotating.sty
Package: rotating 2009/03/28 v2.16a rotated objects in LaTeX

(/usr/share/texlive/texmf-dist/tex/latex/graphics/graphicx.sty
Package: graphicx 2014/10/28 v1.0g Enhanced LaTeX Graphics (DPC,SPQR)

(/usr/share/texlive/texmf-dist/tex/latex/graphics/keyval.sty
Package: keyval 2014/10/28 v1.15 key=value parser (DPC)
\KV@toks@=\toks14
)
(/usr/share/texlive/texmf-dist/tex/latex/graphics/graphics.sty
Package: graphics 2016/01/03 v1.0q Standard LaTeX Graphics (DPC,SPQR)

(/usr/share/texlive/texmf-dist/tex/latex/graphics/trig.sty
Package: trig 2016/01/03 v1.10 sin cos tan (DPC)
)
(/usr/share/texlive/texmf-dist/tex/latex/latexconfig/graphics.cfg
File: graphics.cfg 2010/04/23 v1.9 graphics configuration of TeX Live
)
Package graphics Info: Driver file: pdftex.def on input line 95.
)
\Gin@req@height=\dimen103
\Gin@req@width=\dimen104
)
(/usr/share/texlive/texmf-dist/tex/latex/base/ifthen.sty
Package: ifthen 2014/09/29 v1.1c Standard LaTeX ifthen package (DPC)
)
\c@r@tfl@t=\count89
\rotFPtop=\skip45
\rotFPbot=\skip46
\rot@float@box=\box26
\rot@mess@toks=\toks15
)
(/usr/share/texlive/texmf-dist/tex/latex/caption/subcaption.sty
Package: subcaption 2016/02/20 v1.1-142 Sub-captions (AR)

(/usr/share/texlive/texmf-dist/tex/latex/caption/caption.sty
Package: caption 2016/02/21 v3.3-144 Customizing captions (AR)

(/usr/share/texlive/texmf-dist/tex/latex/caption/caption3.sty
Package: caption3 2016/02/04 v1.7-139 caption3 kernel (AR)
Package caption3 Info: TeX engine: e-TeX on input line 67.
\captionmargin=\dimen105
\captionmargin@=\dimen106
\captionwidth=\dimen107
\caption@tempdima=\dimen108
\caption@indent=\dimen109
\caption@parindent=\dimen110
\caption@hangindent=\dimen111
)
\c@ContinuedFloat=\count90
Package caption Info: rotating package is loaded.
)
\c@subfigure=\count91
\c@subtable=\count92
)
(/usr/share/texlive/texmf-dist/tex/latex/float/float.sty
Package: float 2001/11/08 v1.3d Float enhancements (AL)
\c@float@type=\count93
\float@exts=\toks16
\float@box=\box27
\@float@everytoks=\toks17
\@floatcapt=\box28
)
(/usr/share/texlive/texmf-dist/tex/latex/bbm-macros/bbm.sty
Package: bbm 1999/03/15 V 1.2 provides fonts for set symbols - TH
LaTeX Font Info:    Overwriting math alphabet `\mathbbm' in version `bold'
(Font)                  U/bbm/m/n --> U/bbm/bx/n on input line 33.
LaTeX Font Info:    Overwriting math alphabet `\mathbbmss' in version `bold'
(Font)                  U/bbmss/m/n --> U/bbmss/bx/n on input line 35.
)
(/usr/share/texlive/texmf-dist/tex/latex/amscls/amsthm.sty
Package: amsthm 2015/03/04 v2.20.2
\thm@style=\toks18
\thm@bodyfont=\toks19
\thm@headfont=\toks20
\thm@notefont=\toks21
\thm@headpunct=\toks22
\thm@preskip=\skip47
\thm@postskip=\skip48
\thm@headsep=\skip49
\dth@everypar=\toks23
)
(/usr/share/texlive/texmf-dist/tex/latex/amsmath/amsmath.sty
Package: amsmath 2016/03/03 v2.15a AMS math features
\@mathmargin=\skip50

For additional information on amsmath, use the `?' option.
(/usr/share/texlive/texmf-dist/tex/latex/amsmath/amstext.sty
Package: amstext 2000/06/29 v2.01 AMS text

(/usr/share/texlive/texmf-dist/tex/latex/amsmath/amsgen.sty
File: amsgen.sty 1999/11/30 v2.0 generic functions
\@emptytoks=\toks24
\ex@=\dimen112
))
(/usr/share/texlive/texmf-dist/tex/latex/amsmath/amsbsy.sty
Package: amsbsy 1999/11/29 v1.2d Bold Symbols
\pmbraise@=\dimen113
)
(/usr/share/texlive/texmf-dist/tex/latex/amsmath/amsopn.sty
Package: amsopn 1999/12/14 v2.01 operator names
)
\inf@bad=\count94
LaTeX Info: Redefining \frac on input line 199.
\uproot@=\count95
\leftroot@=\count96
LaTeX Info: Redefining \overline on input line 297.
\classnum@=\count97
\DOTSCASE@=\count98
LaTeX Info: Redefining \ldots on input line 394.
LaTeX Info: Redefining \dots on input line 397.
LaTeX Info: Redefining \cdots on input line 518.
\Mathstrutbox@=\box29
\strutbox@=\box30
\big@size=\dimen114
LaTeX Font Info:    Redeclaring font encoding OML on input line 630.
LaTeX Font Info:    Redeclaring font encoding OMS on input line 631.
\macc@depth=\count99
\c@MaxMatrixCols=\count100
\dotsspace@=\muskip10
\c@parentequation=\count101
\dspbrk@lvl=\count102
\tag@help=\toks25
\row@=\count103
\column@=\count104
\maxfields@=\count105
\andhelp@=\toks26
\eqnshift@=\dimen115
\alignsep@=\dimen116
\tagshift@=\dimen117
\tagwidth@=\dimen118
\totwidth@=\dimen119
\lineht@=\dimen120
\@envbody=\toks27
\multlinegap=\skip51
\multlinetaggap=\skip52
\mathdisplay@stack=\toks28
LaTeX Info: Redefining \[ on input line 2735.
LaTeX Info: Redefining \] on input line 2736.
)
(/usr/share/texlive/texmf-dist/tex/latex/amsfonts/amssymb.sty
Package: amssymb 2013/01/14 v3.01 AMS font symbols

(/usr/share/texlive/texmf-dist/tex/latex/amsfonts/amsfonts.sty
Package: amsfonts 2013/01/14 v3.01 Basic AMSFonts support
\symAMSa=\mathgroup4
\symAMSb=\mathgroup5
LaTeX Font Info:    Overwriting math alphabet `\mathfrak' in version `bold'
(Font)                  U/euf/m/n --> U/euf/b/n on input line 106.
))
(/usr/share/texlive/texmf-dist/tex/latex/jknapltx/mathrsfs.sty
Package: mathrsfs 1996/01/01 Math RSFS package v1.0 (jk)
\symrsfs=\mathgroup6
)
(/usr/share/texlive/texmf-dist/tex/latex/units/nicefrac.sty
Package: nicefrac 1998/08/04 v0.9b Nice fractions
\L@UnitsRaiseDisplaystyle=\skip53
\L@UnitsRaiseTextstyle=\skip54
\L@UnitsRaiseScriptstyle=\skip55
)
\c@theorem=\count106
\c@lemma=\count107
\c@corollary=\count108
\c@remark=\count109

(/usr/share/texlive/texmf-dist/tex/latex/algorithms/algorithm.sty
Package: algorithm 2009/08/24 v0.1 Document Style `algorithm' - floating enviro
nment
\@float@every@algorithm=\toks29
\c@algorithm=\count110
)
(/usr/share/texlive/texmf-dist/tex/latex/algorithmicx/algpseudocode.sty
Package: algpseudocode 

(/usr/share/texlive/texmf-dist/tex/latex/algorithmicx/algorithmicx.sty
Package: algorithmicx 2005/04/27 v1.2 Algorithmicx

Document Style algorithmicx 1.2 - a greatly improved `algorithmic' style
\c@ALG@line=\count111
\c@ALG@rem=\count112
\c@ALG@nested=\count113
\ALG@tlm=\skip56
\ALG@thistlm=\skip57
\c@ALG@Lnr=\count114
\c@ALG@blocknr=\count115
\c@ALG@storecount=\count116
\c@ALG@tmpcounter=\count117
\ALG@tmplength=\skip58
)
Document Style - pseudocode environments for use with the `algorithmicx' style
) (./constrained_bayes_ver1.aux)
\openout1 = `constrained_bayes_ver1.aux'.

LaTeX Font Info:    Checking defaults for OML/cmm/m/it on input line 78.
LaTeX Font Info:    ... okay on input line 78.
LaTeX Font Info:    Checking defaults for T1/cmr/m/n on input line 78.
LaTeX Font Info:    ... okay on input line 78.
LaTeX Font Info:    Checking defaults for OT1/cmr/m/n on input line 78.
LaTeX Font Info:    ... okay on input line 78.
LaTeX Font Info:    Checking defaults for OMS/cmsy/m/n on input line 78.
LaTeX Font Info:    ... okay on input line 78.
LaTeX Font Info:    Checking defaults for OMX/cmex/m/n on input line 78.
LaTeX Font Info:    ... okay on input line 78.
LaTeX Font Info:    Checking defaults for U/cmr/m/n on input line 78.
LaTeX Font Info:    ... okay on input line 78.

(/usr/share/texlive/texmf-dist/tex/context/base/supp-pdf.mkii
[Loading MPS to PDF converter (version 2006.09.02).]
\scratchcounter=\count118
\scratchdimen=\dimen121
\scratchbox=\box31
\nofMPsegments=\count119
\nofMParguments=\count120
\everyMPshowfont=\toks30
\MPscratchCnt=\count121
\MPscratchDim=\dimen122
\MPnumerator=\count122
\makeMPintoPDFobject=\count123
\everyMPtoPDFconversion=\toks31
) (/usr/share/texlive/texmf-dist/tex/generic/oberdiek/pdftexcmds.sty
Package: pdftexcmds 2011/11/29 v0.20 Utility functions of pdfTeX for LuaTeX (HO
)

(/usr/share/texlive/texmf-dist/tex/generic/oberdiek/ifluatex.sty
Package: ifluatex 2010/03/01 v1.3 Provides the ifluatex switch (HO)
Package ifluatex Info: LuaTeX not detected.
)
(/usr/share/texlive/texmf-dist/tex/generic/oberdiek/ifpdf.sty
Package: ifpdf 2011/01/30 v2.3 Provides the ifpdf switch (HO)
Package ifpdf Info: pdfTeX in PDF mode is detected.
)
Package pdftexcmds Info: LuaTeX not detected.
Package pdftexcmds Info: \pdf@primitive is available.
Package pdftexcmds Info: \pdf@ifprimitive is available.
Package pdftexcmds Info: \pdfdraftmode found.
)
(/usr/share/texlive/texmf-dist/tex/latex/oberdiek/epstopdf-base.sty
Package: epstopdf-base 2010/02/09 v2.5 Base part for package epstopdf

(/usr/share/texlive/texmf-dist/tex/latex/oberdiek/grfext.sty
Package: grfext 2010/08/19 v1.1 Manage graphics extensions (HO)

(/usr/share/texlive/texmf-dist/tex/generic/oberdiek/kvdefinekeys.sty
Package: kvdefinekeys 2011/04/07 v1.3 Define keys (HO)
))
(/usr/share/texlive/texmf-dist/tex/latex/oberdiek/kvoptions.sty
Package: kvoptions 2011/06/30 v3.11 Key value format for package options (HO)

(/usr/share/texlive/texmf-dist/tex/generic/oberdiek/kvsetkeys.sty
Package: kvsetkeys 2012/04/25 v1.16 Key value parser (HO)

(/usr/share/texlive/texmf-dist/tex/generic/oberdiek/etexcmds.sty
Package: etexcmds 2011/02/16 v1.5 Avoid name clashes with e-TeX commands (HO)
Package etexcmds Info: Could not find \expanded.
(etexcmds)             That can mean that you are not using pdfTeX 1.50 or
(etexcmds)             that some package has redefined \expanded.
(etexcmds)             In the latter case, load this package earlier.
)))
Package grfext Info: Graphics extension search list:
(grfext)             [.png,.pdf,.jpg,.mps,.jpeg,.jbig2,.jb2,.PNG,.PDF,.JPG,.JPE
G,.JBIG2,.JB2,.eps]
(grfext)             \AppendGraphicsExtensions on input line 452.

(/usr/share/texlive/texmf-dist/tex/latex/latexconfig/epstopdf-sys.cfg
File: epstopdf-sys.cfg 2010/07/13 v1.3 Configuration of (r)epstopdf for TeX Liv
e
))
Package caption Info: Begin \AtBeginDocument code.
Package caption Info: float package is loaded.
Package caption Info: End \AtBeginDocument code.
LaTeX Font Info:    Try loading font information for U+msa on input line 79.

(/usr/share/texlive/texmf-dist/tex/latex/amsfonts/umsa.fd
File: umsa.fd 2013/01/14 v3.01 AMS symbols A
)
LaTeX Font Info:    Try loading font information for U+msb on input line 79.

(/usr/share/texlive/texmf-dist/tex/latex/amsfonts/umsb.fd
File: umsb.fd 2013/01/14 v3.01 AMS symbols B
)
LaTeX Font Info:    Try loading font information for U+rsfs on input line 79.

(/usr/share/texlive/texmf-dist/tex/latex/jknapltx/ursfs.fd
File: ursfs.fd 1998/03/24 rsfs font definition file (jk)
) [1

{/var/lib/texmf/fonts/map/pdftex/updmap/pdftex.map}] [2]
LaTeX Font Info:    Try loading font information for U+bbm on input line 113.

(/usr/share/texlive/texmf-dist/tex/latex/bbm-macros/ubbm.fd
File: ubbm.fd 1999/03/15 V 1.2 Font definition for bbm font - TH
) [3]
Overfull \hbox (50.53125pt too wide) in paragraph at lines 147--148
\OT1/cmr/m/n/10 of in-trin-sic prior $\OML/cmm/m/it/10 ^^Y[]\U/bbm/m/n/10 1[] \
OT1/cmr/m/n/10 = [](\OMS/cmsy/m/n/10 ^^@[]\OML/cmm/m/it/10 =[]\OT1/cmr/m/n/10 )
\U/bbm/m/n/10 1[]$ \OT1/cmr/m/n/10 and ex-trin-sic pri-ors $\OML/cmm/m/it/10 ^^
Y[]\OT1/cmr/m/n/10 (\OML/cmm/m/it/10 ^^R\OT1/cmr/m/n/10 )\OMS/cmsy/m/n/10 K\OT1
/cmr/m/n/10 (\OML/cmm/m/it/10 ^^R\OT1/cmr/m/n/10 ; \OMS/cmsy/m/n/10 D\OT1/cmr/m
/n/10 ) = [](\OMS/cmsy/m/n/10 ^^@[]\OML/cmm/m/it/10 =[]\OT1/cmr/m/n/10 ) [](\OM
S/cmsy/m/n/10 ^^@\OML/cmm/m/it/10 v\OT1/cmr/m/n/10 (\OML/cmm/m/it/10 ^^R\OT1/cm
r/m/n/10 ))$.
 []

<density_truncated_normal.pdf, id=24, 361.35pt x 216.81pt>
File: density_truncated_normal.pdf Graphic file (type pdf)

<use density_truncated_normal.pdf>
Package pdftex.def Info: density_truncated_normal.pdf used on input line 151.
(pdftex.def)             Requested size: 235.73624pt x 141.4409pt.
 [4] [5 <./density_truncated_normal.pdf>]

LaTeX Warning: Reference `exact_posterior' on page 6 undefined on input line 22
5.


LaTeX Warning: Reference `extrinsic_posterior' on page 6 undefined on input lin
e 225.

[6] [7] [8] [9] <unit_circle_violation.pdf, id=58, 578.16pt x 216.81pt>
File: unit_circle_violation.pdf Graphic file (type pdf)

<use unit_circle_violation.pdf>
Package pdftex.def Info: unit_circle_violation.pdf used on input line 328.
(pdftex.def)             Requested size: 377.17943pt x 141.4409pt.

<unit_circle_100steps.pdf, id=59, 578.16pt x 216.81pt>
File: unit_circle_100steps.pdf Graphic file (type pdf)

<use unit_circle_100steps.pdf>
Package pdftex.def Info: unit_circle_100steps.pdf used on input line 329.
(pdftex.def)             Requested size: 377.17943pt x 141.4409pt.

<unit_circle_acf.pdf, id=60, 578.16pt x 216.81pt>
File: unit_circle_acf.pdf Graphic file (type pdf)
 <use unit_circle_acf.pdf>
Package pdftex.def Info: unit_circle_acf.pdf used on input line 331.
(pdftex.def)             Requested size: 377.17943pt x 141.4409pt.

[10] [11 <./unit_circle_violation.pdf> <./unit_circle_100steps.pdf> <./unit_cir
cle_acf.pdf>]

LaTeX Warning: Reference `exact_posterior' on page 12 undefined on input line 3
58.

[12] [13] [14] <fmm_mu_contour.pdf, id=95, 289.08pt x 289.08pt>
File: fmm_mu_contour.pdf Graphic file (type pdf)

<use fmm_mu_contour.pdf>
Package pdftex.def Info: fmm_mu_contour.pdf used on input line 470.
(pdftex.def)             Requested size: 141.44318pt x 141.44312pt.
 <fmm_w_gibbs.pdf, id=96, 433.62pt x 216.81pt>
File: fmm_w_gibbs.pdf Graphic file (type pdf)

<use fmm_w_gibbs.pdf>
Package pdftex.def Info: fmm_w_gibbs.pdf used on input line 476.
(pdftex.def)             Requested size: 150.87465pt x 75.43802pt.
 <fmm_w_hmc_unordered.pdf, id=97, 433.62pt x 216.81pt>
File: fmm_w_hmc_unordered.pdf Graphic file (type pdf)

<use fmm_w_hmc_unordered.pdf>
Package pdftex.def Info: fmm_w_hmc_unordered.pdf used on input line 480.
(pdftex.def)             Requested size: 150.87465pt x 75.43802pt.
 <fmm_w_hmc.pdf, id=98, 433.62pt x 216.81pt>
File: fmm_w_hmc.pdf Graphic file (type pdf)

<use fmm_w_hmc.pdf>
Package pdftex.def Info: fmm_w_hmc.pdf used on input line 484.
(pdftex.def)             Requested size: 150.87465pt x 75.43802pt.

Underfull \hbox (badness 1320) in paragraph at lines 485--485
[]\OT1/cmr/m/n/9 (d) |HMC sam-pling un-der or-dered
 []

[15 <./fmm_mu_contour.pdf> <./fmm_w_gibbs.pdf> <./fmm_w_hmc_unordered.pdf> <./f
mm_w_hmc.pdf>] (./constrained_bayes_ver1.bbl [16]) [17]
(./constrained_bayes_ver1.aux)

LaTeX Warning: There were undefined references.

 ) 
Here is how much of TeX's memory you used:
 4855 strings out of 493029
 70996 string characters out of 6136235
 140884 words of memory out of 5000000
 8282 multiletter control sequences out of 15000+600000
 14537 words of font info for 59 fonts, out of 8000000 for 9000
 1141 hyphenation exceptions out of 8191
 42i,10n,40p,1731b,500s stack positions out of 5000i,500n,10000p,200000b,80000s
 </home/leo/.texmf-var/fonts/pk/ljfour/public/bbm/bbm7.600pk> </home/leo/.tex
mf-var/fonts/pk/ljfour/public/bbm/bbm10.600pk></usr/share/texlive/texmf-dist/fo
nts/type1/public/amsfonts/cm/cmbx10.pfb></usr/share/texlive/texmf-dist/fonts/ty
pe1/public/amsfonts/cm/cmbx12.pfb></usr/share/texlive/texmf-dist/fonts/type1/pu
blic/amsfonts/cm/cmex10.pfb></usr/share/texlive/texmf-dist/fonts/type1/public/a
msfonts/cmextra/cmex7.pfb></usr/share/texlive/texmf-dist/fonts/type1/public/ams
fonts/cm/cmmi10.pfb></usr/share/texlive/texmf-dist/fonts/type1/public/amsfonts/
cm/cmmi5.pfb></usr/share/texlive/texmf-dist/fonts/type1/public/amsfonts/cm/cmmi
7.pfb></usr/share/texlive/texmf-dist/fonts/type1/public/amsfonts/cm/cmr10.pfb><
/usr/share/texlive/texmf-dist/fonts/type1/public/amsfonts/cm/cmr12.pfb></usr/sh
are/texlive/texmf-dist/fonts/type1/public/amsfonts/cm/cmr5.pfb></usr/share/texl
ive/texmf-dist/fonts/type1/public/amsfonts/cm/cmr7.pfb></usr/share/texlive/texm
f-dist/fonts/type1/public/amsfonts/cm/cmr9.pfb></usr/share/texlive/texmf-dist/f
onts/type1/public/amsfonts/cm/cmsy10.pfb></usr/share/texlive/texmf-dist/fonts/t
ype1/public/amsfonts/cm/cmsy5.pfb></usr/share/texlive/texmf-dist/fonts/type1/pu
blic/amsfonts/cm/cmsy7.pfb></usr/share/texlive/texmf-dist/fonts/type1/public/am
sfonts/cm/cmti10.pfb></usr/share/texlive/texmf-dist/fonts/type1/public/amsfonts
/cm/cmti7.pfb></usr/share/texlive/texmf-dist/fonts/type1/public/amsfonts/symbol
s/msam10.pfb></usr/share/texlive/texmf-dist/fonts/type1/public/amsfonts/symbols
/msbm10.pfb>
Output written on constrained_bayes_ver1.pdf (17 pages, 562683 bytes).
PDF statistics:
 207 PDF objects out of 1000 (max. 8388607)
 149 compressed objects within 2 object streams
 0 named destinations out of 1000 (max. 500000)
 41 words of extra memory for PDF output out of 10000 (max. 10000000)

